#
# There is insufficient memory for the Java Runtime Environment to continue.
# Native memory allocation (malloc) failed to allocate 1630736 bytes. Error detail: Chunk::new
# Possible reasons:
#   The system is out of physical RAM or swap space
#   This process is running with CompressedOops enabled, and the Java Heap may be blocking the growth of the native heap
# Possible solutions:
#   Reduce memory load on the system
#   Increase physical memory or swap space
#   Check if swap backing store is full
#   Decrease Java heap size (-Xmx/-Xms)
#   Decrease number of Java threads
#   Decrease Java thread stack sizes (-Xss)
#   Set larger code cache with -XX:ReservedCodeCacheSize=
#   JVM is running with Unscaled Compressed Oops mode in which the Java heap is
#     placed in the first 4GB address space. The Java Heap base address is the
#     maximum limit for the native heap growth. Please use -XX:HeapBaseMinAddress
#     to set the Java Heap base and to place the Java Heap above 4GB virtual address.
# This output file may be truncated or incomplete.
#
#  Out of Memory Error (arena.cpp:149), pid=52712, tid=46760
#
# JRE version: OpenJDK Runtime Environment Temurin-23.0.1+11 (23.0.1+11) (build 23.0.1+11)
# Java VM: OpenJDK 64-Bit Server VM Temurin-23.0.1+11 (23.0.1+11, mixed mode, sharing, tiered, compressed oops, compressed class ptrs, g1 gc, windows-amd64)
# No core dump will be written. Minidumps are not enabled by default on client versions of Windows
#

---------------  S U M M A R Y ------------

Command Line: -ea -Dfile.encoding=UTF-8 -Dstdout.encoding=UTF-8 -Dstderr.encoding=UTF-8 -XX:+ShowCodeDetailsInExceptionMessages org.testng.remote.RemoteTestNG -serport 50199 -protocol json -d C:\Users\aksha\git\sevenrmartsupermarket\com.sevenrmartsupermarket\test-output C:\Users\aksha\git\sevenrmartsupermarket\com.sevenrmartsupermarket\src\main\resources\xmlFile\groups.xml

Host: 11th Gen Intel(R) Core(TM) i5-1155G7 @ 2.50GHz, 8 cores, 7G,  Windows 11 , 64 bit Build 22621 (10.0.22621.4974)
Time: Mon Mar 17 10:42:04 2025 India Standard Time elapsed time: 7.122065 seconds (0d 0h 0m 7s)

---------------  T H R E A D  ---------------

Current thread (0x000001fa6b84c060):  JavaThread "C2 CompilerThread0" daemon [_thread_in_native, id=46760, stack(0x0000001569100000,0x0000001569200000) (1024K)]


Current CompileTask:
C2:7122 4167   !   4       jdk.internal.loader.BuiltinClassLoader::loadClassOrNull (143 bytes)

Stack: [0x0000001569100000,0x0000001569200000]
Native frames: (J=compiled Java code, j=interpreted, Vv=VM code, C=native code)
V  [jvm.dll+0x6e8c79]  (no source info available)
V  [jvm.dll+0x8d9253]  (no source info available)
V  [jvm.dll+0x8db6de]  (no source info available)
V  [jvm.dll+0x8dbdb3]  (no source info available)
V  [jvm.dll+0x281aa6]  (no source info available)
V  [jvm.dll+0xbbb0f]  (no source info available)
V  [jvm.dll+0xbbd6b]  (no source info available)
V  [jvm.dll+0x3b9e92]  (no source info available)
V  [jvm.dll+0x3905eb]  (no source info available)
V  [jvm.dll+0x38fa4a]  (no source info available)
V  [jvm.dll+0x24ace1]  (no source info available)
V  [jvm.dll+0x24a03f]  (no source info available)
V  [jvm.dll+0x1c8ea0]  (no source info available)
V  [jvm.dll+0x25a13e]  (no source info available)
V  [jvm.dll+0x25840a]  (no source info available)
V  [jvm.dll+0x3f4706]  (no source info available)
V  [jvm.dll+0x8802ab]  (no source info available)
V  [jvm.dll+0x6e7485]  (no source info available)
C  [ucrtbase.dll+0x29333]  (no source info available)
C  [KERNEL32.DLL+0x1259d]  (no source info available)
C  [ntdll.dll+0x5af38]  (no source info available)

Lock stack of current Java thread (top to bottom):


---------------  P R O C E S S  ---------------

Threads class SMR info:
_java_thread_list=0x000001fa4602a540, length=39, elements={
0x000001fa51881ee0, 0x000001fa6b8339c0, 0x000001fa6b8349d0, 0x000001fa6b83bf90,
0x000001fa6b83cae0, 0x000001fa6b83ddd0, 0x000001fa6b841610, 0x000001fa6b84c060,
0x000001fa6b84d2b0, 0x000001fa45192c90, 0x000001fa4519c7f0, 0x000001fa45ac9820,
0x000001fa464878d0, 0x000001fa462a3420, 0x000001fa46594380, 0x000001fa46526ee0,
0x000001fa463618b0, 0x000001fa46361220, 0x000001fa463625d0, 0x000001fa463632f0,
0x000001fa46361f40, 0x000001fa46360500, 0x000001fa4635fe70, 0x000001fa46360b90,
0x000001fa474ff320, 0x000001fa474fd250, 0x000001fa475006d0, 0x000001fa474ff9b0,
0x000001fa474fcbc0, 0x000001fa474f9740, 0x000001fa474fd8e0, 0x000001fa474faaf0,
0x000001fa474fdf70, 0x000001fa474fa460, 0x000001fa474fe600, 0x000001fa47500040,
0x000001fa474fec90, 0x000001fa47500d60, 0x000001fa452508d0
}

Java Threads: ( => current thread )
  0x000001fa51881ee0 JavaThread "Forwarding clickElement on session 48534c30968b6cc3944900e7dca552f5 to remote"        [_thread_blocked, id=51284, stack(0x0000001568300000,0x0000001568400000) (1024K)]
  0x000001fa6b8339c0 JavaThread "Reference Handler"          daemon [_thread_blocked, id=41916, stack(0x0000001568b00000,0x0000001568c00000) (1024K)]
  0x000001fa6b8349d0 JavaThread "Finalizer"                  daemon [_thread_blocked, id=51088, stack(0x0000001568c00000,0x0000001568d00000) (1024K)]
  0x000001fa6b83bf90 JavaThread "Signal Dispatcher"          daemon [_thread_blocked, id=49796, stack(0x0000001568d00000,0x0000001568e00000) (1024K)]
  0x000001fa6b83cae0 JavaThread "Attach Listener"            daemon [_thread_blocked, id=52728, stack(0x0000001568e00000,0x0000001568f00000) (1024K)]
  0x000001fa6b83ddd0 JavaThread "Service Thread"             daemon [_thread_blocked, id=49832, stack(0x0000001568f00000,0x0000001569000000) (1024K)]
  0x000001fa6b841610 JavaThread "Monitor Deflation Thread"   daemon [_thread_blocked, id=41836, stack(0x0000001569000000,0x0000001569100000) (1024K)]
=>0x000001fa6b84c060 JavaThread "C2 CompilerThread0"         daemon [_thread_in_native, id=46760, stack(0x0000001569100000,0x0000001569200000) (1024K)]
  0x000001fa6b84d2b0 JavaThread "C1 CompilerThread0"         daemon [_thread_blocked, id=40136, stack(0x0000001569200000,0x0000001569300000) (1024K)]
  0x000001fa45192c90 JavaThread "Notification Thread"        daemon [_thread_blocked, id=39488, stack(0x0000001569300000,0x0000001569400000) (1024K)]
  0x000001fa4519c7f0 JavaThread "Common-Cleaner"             daemon [_thread_blocked, id=52164, stack(0x0000001569400000,0x0000001569500000) (1024K)]
  0x000001fa45ac9820 JavaThread "ReaderThread"                      [_thread_in_native, id=39740, stack(0x0000001569700000,0x0000001569800000) (1024K)]
  0x000001fa464878d0 JavaThread "ForkJoinPool.commonPool-worker-1" daemon [_thread_blocked, id=51552, stack(0x0000001569e00000,0x0000001569f00000) (1024K)]
  0x000001fa462a3420 JavaThread "ForkJoinPool.commonPool-worker-2" daemon [_thread_blocked, id=48144, stack(0x0000001569f00000,0x000000156a000000) (1024K)]
  0x000001fa46594380 JavaThread "ForkJoinPool.commonPool-worker-3" daemon [_thread_blocked, id=52924, stack(0x000000156a000000,0x000000156a100000) (1024K)]
  0x000001fa46526ee0 JavaThread "ForkJoinPool.commonPool-worker-4" daemon [_thread_blocked, id=52508, stack(0x000000156a100000,0x000000156a200000) (1024K)]
  0x000001fa463618b0 JavaThread "ForkJoinPool.commonPool-worker-5" daemon [_thread_blocked, id=50104, stack(0x000000156a200000,0x000000156a300000) (1024K)]
  0x000001fa46361220 JavaThread "ForkJoinPool.commonPool-worker-6" daemon [_thread_blocked, id=36156, stack(0x000000156a300000,0x000000156a400000) (1024K)]
  0x000001fa463625d0 JavaThread "ForkJoinPool.commonPool-worker-7" daemon [_thread_blocked, id=50988, stack(0x000000156a400000,0x000000156a500000) (1024K)]
  0x000001fa463632f0 JavaThread "AsyncHttpClient-1-1"        daemon [_thread_blocked, id=43452, stack(0x000000156a600000,0x000000156a700000) (1024K)]
  0x000001fa46361f40 JavaThread "Exec Default Executor"      daemon [_thread_in_native, id=30888, stack(0x000000156a700000,0x000000156a800000) (1024K)]
  0x000001fa46360500 JavaThread "Exec Stream Pumper"         daemon [_thread_in_native, id=37244, stack(0x000000156a800000,0x000000156a900000) (1024K)]
  0x000001fa4635fe70 JavaThread "Exec Stream Pumper"         daemon [_thread_in_native, id=51968, stack(0x000000156a900000,0x000000156aa00000) (1024K)]
  0x000001fa46360b90 JavaThread "Driver Service Executor"    daemon [_thread_blocked, id=52136, stack(0x000000156aa00000,0x000000156ab00000) (1024K)]
  0x000001fa474ff320 JavaThread "Driver Service Executor"    daemon [_thread_blocked, id=37476, stack(0x000000156ab00000,0x000000156ac00000) (1024K)]
  0x000001fa474fd250 JavaThread "UrlChecker-2"               daemon [_thread_blocked, id=51188, stack(0x000000156ac00000,0x000000156ad00000) (1024K)]
  0x000001fa475006d0 JavaThread "Keep-Alive-Timer"           daemon [_thread_blocked, id=42596, stack(0x0000001569500000,0x0000001569600000) (1024K)]
  0x000001fa474ff9b0 JavaThread "AsyncHttpClient-1-2"        daemon [_thread_in_native, id=41304, stack(0x000000156ae00000,0x000000156af00000) (1024K)]
  0x000001fa474fcbc0 JavaThread "AsyncHttpClient-1-3"        daemon [_thread_in_native, id=52732, stack(0x000000156af00000,0x000000156b000000) (1024K)]
  0x000001fa474f9740 JavaThread "AsyncHttpClient-1-4"        daemon [_thread_in_native, id=52064, stack(0x000000156b000000,0x000000156b100000) (1024K)]
  0x000001fa474fd8e0 JavaThread "Exec Default Executor"      daemon [_thread_in_native, id=53132, stack(0x000000156b100000,0x000000156b200000) (1024K)]
  0x000001fa474faaf0 JavaThread "Exec Stream Pumper"         daemon [_thread_in_native, id=36892, stack(0x000000156b200000,0x000000156b300000) (1024K)]
  0x000001fa474fdf70 JavaThread "Exec Stream Pumper"         daemon [_thread_in_native, id=49036, stack(0x000000156b300000,0x000000156b400000) (1024K)]
  0x000001fa474fa460 JavaThread "Driver Service Executor"    daemon [_thread_blocked, id=44084, stack(0x000000156b400000,0x000000156b500000) (1024K)]
  0x000001fa474fe600 JavaThread "Driver Service Executor"    daemon [_thread_blocked, id=46140, stack(0x000000156b500000,0x000000156b600000) (1024K)]
  0x000001fa47500040 JavaThread "AsyncHttpClient-1-5"        daemon [_thread_in_native, id=40312, stack(0x000000156b600000,0x000000156b700000) (1024K)]
  0x000001fa474fec90 JavaThread "AsyncHttpClient-1-6"        daemon [_thread_in_native, id=51912, stack(0x000000156b700000,0x000000156b800000) (1024K)]
  0x000001fa47500d60 JavaThread "AsyncHttpClient-1-7"        daemon [_thread_in_native, id=34688, stack(0x000000156b800000,0x000000156b900000) (1024K)]
  0x000001fa452508d0 JavaThread "C2 CompilerThread1"         daemon [_thread_blocked, id=52040, stack(0x000000156b900000,0x000000156ba00000) (1024K)]
Total: 39

Other Threads:
  0x000001fa6b817850 VMThread "VM Thread"                           [id=14364, stack(0x0000001568a00000,0x0000001568b00000) (1024K)]
  0x000001fa6b8010f0 WatcherThread "VM Periodic Task Thread"        [id=50356, stack(0x0000001568900000,0x0000001568a00000) (1024K)]
  0x000001fa53bdbb60 WorkerThread "GC Thread#0"                     [id=41532, stack(0x0000001568400000,0x0000001568500000) (1024K)]
  0x000001fa463febc0 WorkerThread "GC Thread#1"                     [id=39332, stack(0x0000001569800000,0x0000001569900000) (1024K)]
  0x000001fa463fef70 WorkerThread "GC Thread#2"                     [id=51440, stack(0x0000001569900000,0x0000001569a00000) (1024K)]
  0x000001fa463ff320 WorkerThread "GC Thread#3"                     [id=51844, stack(0x0000001569a00000,0x0000001569b00000) (1024K)]
  0x000001fa464a5240 WorkerThread "GC Thread#4"                     [id=52396, stack(0x0000001569b00000,0x0000001569c00000) (1024K)]
  0x000001fa464a55f0 WorkerThread "GC Thread#5"                     [id=44668, stack(0x0000001569c00000,0x0000001569d00000) (1024K)]
  0x000001fa464a59a0 WorkerThread "GC Thread#6"                     [id=49908, stack(0x0000001569d00000,0x0000001569e00000) (1024K)]
  0x000001fa465a5e20 WorkerThread "GC Thread#7"                     [id=52796, stack(0x000000156a500000,0x000000156a600000) (1024K)]
  0x000001fa53bf03b0 ConcurrentGCThread "G1 Main Marker"            [id=20876, stack(0x0000001568500000,0x0000001568600000) (1024K)]
  0x000001fa53bf3670 WorkerThread "G1 Conc#0"                       [id=53056, stack(0x0000001568600000,0x0000001568700000) (1024K)]
  0x000001fa465a4f60 WorkerThread "G1 Conc#1"                       [id=23732, stack(0x000000156ad00000,0x000000156ae00000) (1024K)]
  0x000001fa6b6d5090 ConcurrentGCThread "G1 Refine#0"               [id=25028, stack(0x0000001568700000,0x0000001568800000) (1024K)]
  0x000001fa6b6d5b20 ConcurrentGCThread "G1 Service"                [id=51996, stack(0x0000001568800000,0x0000001568900000) (1024K)]
Total: 15

Threads with active compile tasks:
C2 CompilerThread0  7171 4167   !   4       jdk.internal.loader.BuiltinClassLoader::loadClassOrNull (143 bytes)
Total: 1

VM state: not at safepoint (normal execution)

VM Mutex/Monitor currently owned by a thread: None

Heap address: 0x0000000083e00000, size: 1986 MB, Compressed Oops mode: 32-bit

CDS archive(s) mapped at: [0x000001fa00000000-0x000001fa00d70000-0x000001fa00d70000), size 14090240, SharedBaseAddress: 0x000001fa00000000, ArchiveRelocationMode: 1.
Compressed class space mapped at: 0x000001fa01000000-0x000001fa41000000, reserved size: 1073741824
Narrow klass base: 0x000001fa00000000, Narrow klass shift: 0, Narrow klass range: 0x41000000

GC Precious Log:
 CardTable entry size: 512
 Card Set container configuration: InlinePtr #cards 5 size 8 Array Of Cards #cards 10 size 36 Howl #buckets 4 coarsen threshold 1843 Howl Bitmap #cards 512 size 80 coarsen threshold 460 Card regions per heap region 1 cards per card region 2048
 CPUs: 8 total, 8 available
 Memory: 7941M
 Large Page Support: Disabled
 NUMA Support: Disabled
 Compressed Oops: Enabled (32-bit)
 Heap Region Size: 1M
 Heap Min Capacity: 8M
 Heap Initial Capacity: 126M
 Heap Max Capacity: 1986M
 Pre-touch: Disabled
 Parallel Workers: 8
 Concurrent Workers: 2
 Concurrent Refinement Workers: 8
 Periodic GC: Disabled

Heap:
 garbage-first heap   total reserved 2033664K, committed 80896K, used 44910K [0x0000000083e00000, 0x0000000100000000)
  region size 1024K, 15 young (15360K), 5 survivors (5120K)
 Metaspace       used 32200K, committed 32576K, reserved 1114112K
  class space    used 4008K, committed 4160K, reserved 1048576K

Heap Regions: E=young(eden), S=young(survivor), O=old, HS=humongous(starts), HC=humongous(continues), CS=collection set, F=free, TAMS=top-at-mark-start, PB=parsable bottom
|   0|0x0000000083e00000, 0x0000000083f00000, 0x0000000083f00000|100%|HS|  |TAMS 0x0000000083e00000| PB 0x0000000083e00000| Complete |  0
|   1|0x0000000083f00000, 0x0000000084000000, 0x0000000084000000|100%| O|  |TAMS 0x0000000083f00000| PB 0x0000000083f00000| Untracked |  0
|   2|0x0000000084000000, 0x0000000084100000, 0x0000000084100000|100%| O|  |TAMS 0x0000000084000000| PB 0x0000000084000000| Untracked |  0
|   3|0x0000000084100000, 0x0000000084200000, 0x0000000084200000|100%| O|Cm|TAMS 0x0000000084100000| PB 0x0000000084100000| Complete |  0
|   4|0x0000000084200000, 0x0000000084300000, 0x0000000084300000|100%| O|  |TAMS 0x0000000084200000| PB 0x0000000084200000| Untracked |  0
|   5|0x0000000084300000, 0x0000000084400000, 0x0000000084400000|100%| O|  |TAMS 0x0000000084300000| PB 0x0000000084300000| Untracked |  0
|   6|0x0000000084400000, 0x0000000084500000, 0x0000000084500000|100%| O|  |TAMS 0x0000000084400000| PB 0x0000000084400000| Untracked |  0
|   7|0x0000000084500000, 0x0000000084600000, 0x0000000084600000|100%| O|  |TAMS 0x0000000084500000| PB 0x0000000084500000| Untracked |  0
|   8|0x0000000084600000, 0x0000000084700000, 0x0000000084700000|100%| O|  |TAMS 0x0000000084600000| PB 0x0000000084600000| Untracked |  0
|   9|0x0000000084700000, 0x0000000084800000, 0x0000000084800000|100%| O|  |TAMS 0x0000000084700000| PB 0x0000000084700000| Untracked |  0
|  10|0x0000000084800000, 0x0000000084900000, 0x0000000084900000|100%| O|  |TAMS 0x0000000084800000| PB 0x0000000084800000| Untracked |  0
|  11|0x0000000084900000, 0x0000000084a00000, 0x0000000084a00000|100%| O|  |TAMS 0x0000000084900000| PB 0x0000000084900000| Untracked |  0
|  12|0x0000000084a00000, 0x0000000084b00000, 0x0000000084b00000|100%| O|  |TAMS 0x0000000084a00000| PB 0x0000000084a00000| Untracked |  0
|  13|0x0000000084b00000, 0x0000000084c00000, 0x0000000084c00000|100%| O|  |TAMS 0x0000000084b00000| PB 0x0000000084b00000| Untracked |  0
|  14|0x0000000084c00000, 0x0000000084d00000, 0x0000000084d00000|100%| O|  |TAMS 0x0000000084c00000| PB 0x0000000084c00000| Untracked |  0
|  15|0x0000000084d00000, 0x0000000084e00000, 0x0000000084e00000|100%| O|  |TAMS 0x0000000084d00000| PB 0x0000000084d00000| Untracked |  0
|  16|0x0000000084e00000, 0x0000000084f00000, 0x0000000084f00000|100%| O|  |TAMS 0x0000000084e00000| PB 0x0000000084e00000| Untracked |  0
|  17|0x0000000084f00000, 0x0000000085000000, 0x0000000085000000|100%| O|  |TAMS 0x0000000084f00000| PB 0x0000000084f00000| Untracked |  0
|  18|0x0000000085000000, 0x0000000085100000, 0x0000000085100000|100%| O|  |TAMS 0x0000000085000000| PB 0x0000000085000000| Untracked |  0
|  19|0x0000000085100000, 0x0000000085200000, 0x0000000085200000|100%| O|  |TAMS 0x0000000085100000| PB 0x0000000085100000| Untracked |  0
|  20|0x0000000085200000, 0x0000000085300000, 0x0000000085300000|100%|HS|  |TAMS 0x0000000085200000| PB 0x0000000085200000| Complete |  0
|  21|0x0000000085300000, 0x0000000085400000, 0x0000000085400000|100%|HC|  |TAMS 0x0000000085300000| PB 0x0000000085300000| Complete |  0
|  22|0x0000000085400000, 0x0000000085500000, 0x0000000085500000|100%|HC|  |TAMS 0x0000000085400000| PB 0x0000000085400000| Complete |  0
|  23|0x0000000085500000, 0x0000000085600000, 0x0000000085600000|100%|HC|  |TAMS 0x0000000085500000| PB 0x0000000085500000| Complete |  0
|  24|0x0000000085600000, 0x0000000085700000, 0x0000000085700000|100%|HC|  |TAMS 0x0000000085600000| PB 0x0000000085600000| Complete |  0
|  25|0x0000000085700000, 0x0000000085800000, 0x0000000085800000|100%|HS|  |TAMS 0x0000000085700000| PB 0x0000000085700000| Complete |  0
|  26|0x0000000085800000, 0x0000000085900000, 0x0000000085900000|100%|HC|  |TAMS 0x0000000085800000| PB 0x0000000085800000| Complete |  0
|  27|0x0000000085900000, 0x0000000085a00000, 0x0000000085a00000|100%|HC|  |TAMS 0x0000000085900000| PB 0x0000000085900000| Complete |  0
|  28|0x0000000085a00000, 0x0000000085b00000, 0x0000000085b00000|100%|HC|  |TAMS 0x0000000085a00000| PB 0x0000000085a00000| Complete |  0
|  29|0x0000000085b00000, 0x0000000085c00000, 0x0000000085c00000|100%|HC|  |TAMS 0x0000000085b00000| PB 0x0000000085b00000| Complete |  0
|  30|0x0000000085c00000, 0x0000000085c00000, 0x0000000085d00000|  0%| F|  |TAMS 0x0000000085c00000| PB 0x0000000085c00000| Untracked |  0
|  31|0x0000000085d00000, 0x0000000085d00000, 0x0000000085e00000|  0%| F|  |TAMS 0x0000000085d00000| PB 0x0000000085d00000| Untracked |  0
|  32|0x0000000085e00000, 0x0000000085e00000, 0x0000000085f00000|  0%| F|  |TAMS 0x0000000085e00000| PB 0x0000000085e00000| Untracked |  0
|  33|0x0000000085f00000, 0x0000000085f00000, 0x0000000086000000|  0%| F|  |TAMS 0x0000000085f00000| PB 0x0000000085f00000| Untracked |  0
|  34|0x0000000086000000, 0x0000000086000000, 0x0000000086100000|  0%| F|  |TAMS 0x0000000086000000| PB 0x0000000086000000| Untracked |  0
|  35|0x0000000086100000, 0x0000000086100000, 0x0000000086200000|  0%| F|  |TAMS 0x0000000086100000| PB 0x0000000086100000| Untracked |  0
|  36|0x0000000086200000, 0x0000000086200000, 0x0000000086300000|  0%| F|  |TAMS 0x0000000086200000| PB 0x0000000086200000| Untracked |  0
|  37|0x0000000086300000, 0x0000000086300000, 0x0000000086400000|  0%| F|  |TAMS 0x0000000086300000| PB 0x0000000086300000| Untracked |  0
|  38|0x0000000086400000, 0x0000000086400000, 0x0000000086500000|  0%| F|  |TAMS 0x0000000086400000| PB 0x0000000086400000| Untracked |  0
|  39|0x0000000086500000, 0x0000000086500000, 0x0000000086600000|  0%| F|  |TAMS 0x0000000086500000| PB 0x0000000086500000| Untracked |  0
|  40|0x0000000086600000, 0x0000000086600000, 0x0000000086700000|  0%| F|  |TAMS 0x0000000086600000| PB 0x0000000086600000| Untracked |  0
|  41|0x0000000086700000, 0x0000000086700000, 0x0000000086800000|  0%| F|  |TAMS 0x0000000086700000| PB 0x0000000086700000| Untracked |  0
|  42|0x0000000086800000, 0x0000000086800000, 0x0000000086900000|  0%| F|  |TAMS 0x0000000086800000| PB 0x0000000086800000| Untracked |  0
|  43|0x0000000086900000, 0x0000000086900000, 0x0000000086a00000|  0%| F|  |TAMS 0x0000000086900000| PB 0x0000000086900000| Untracked |  0
|  44|0x0000000086a00000, 0x0000000086a00000, 0x0000000086b00000|  0%| F|  |TAMS 0x0000000086a00000| PB 0x0000000086a00000| Untracked |  0
|  45|0x0000000086b00000, 0x0000000086b00000, 0x0000000086c00000|  0%| F|  |TAMS 0x0000000086b00000| PB 0x0000000086b00000| Untracked |  0
|  46|0x0000000086c00000, 0x0000000086c00000, 0x0000000086d00000|  0%| F|  |TAMS 0x0000000086c00000| PB 0x0000000086c00000| Untracked |  0
|  47|0x0000000086d00000, 0x0000000086d00000, 0x0000000086e00000|  0%| F|  |TAMS 0x0000000086d00000| PB 0x0000000086d00000| Untracked |  0
|  48|0x0000000086e00000, 0x0000000086e00000, 0x0000000086f00000|  0%| F|  |TAMS 0x0000000086e00000| PB 0x0000000086e00000| Untracked |  0
|  49|0x0000000086f00000, 0x0000000086f00000, 0x0000000087000000|  0%| F|  |TAMS 0x0000000086f00000| PB 0x0000000086f00000| Untracked |  0
|  50|0x0000000087000000, 0x0000000087000000, 0x0000000087100000|  0%| F|  |TAMS 0x0000000087000000| PB 0x0000000087000000| Untracked |  0
|  51|0x0000000087100000, 0x0000000087100000, 0x0000000087200000|  0%| F|  |TAMS 0x0000000087100000| PB 0x0000000087100000| Untracked |  0
|  52|0x0000000087200000, 0x0000000087200000, 0x0000000087300000|  0%| F|  |TAMS 0x0000000087200000| PB 0x0000000087200000| Untracked |  0
|  53|0x0000000087300000, 0x0000000087300000, 0x0000000087400000|  0%| F|  |TAMS 0x0000000087300000| PB 0x0000000087300000| Untracked |  0
|  54|0x0000000087400000, 0x0000000087400000, 0x0000000087500000|  0%| F|  |TAMS 0x0000000087400000| PB 0x0000000087400000| Untracked |  0
|  55|0x0000000087500000, 0x0000000087500000, 0x0000000087600000|  0%| F|  |TAMS 0x0000000087500000| PB 0x0000000087500000| Untracked |  0
|  56|0x0000000087600000, 0x0000000087600000, 0x0000000087700000|  0%| F|  |TAMS 0x0000000087600000| PB 0x0000000087600000| Untracked |  0
|  57|0x0000000087700000, 0x0000000087700000, 0x0000000087800000|  0%| F|  |TAMS 0x0000000087700000| PB 0x0000000087700000| Untracked |  0
|  58|0x0000000087800000, 0x0000000087800000, 0x0000000087900000|  0%| F|  |TAMS 0x0000000087800000| PB 0x0000000087800000| Untracked |  0
|  59|0x0000000087900000, 0x0000000087900000, 0x0000000087a00000|  0%| F|  |TAMS 0x0000000087900000| PB 0x0000000087900000| Untracked |  0
|  60|0x0000000087a00000, 0x0000000087a00000, 0x0000000087b00000|  0%| F|  |TAMS 0x0000000087a00000| PB 0x0000000087a00000| Untracked |  0
|  61|0x0000000087b00000, 0x0000000087b00000, 0x0000000087c00000|  0%| F|  |TAMS 0x0000000087b00000| PB 0x0000000087b00000| Untracked |  0
|  62|0x0000000087c00000, 0x0000000087c00000, 0x0000000087d00000|  0%| F|  |TAMS 0x0000000087c00000| PB 0x0000000087c00000| Untracked |  0
|  63|0x0000000087d00000, 0x0000000087d00000, 0x0000000087e00000|  0%| F|  |TAMS 0x0000000087d00000| PB 0x0000000087d00000| Untracked |  0
|  64|0x0000000087e00000, 0x0000000087e980f0, 0x0000000087f00000| 59%| E|  |TAMS 0x0000000087e00000| PB 0x0000000087e00000| Complete |  0
|  65|0x0000000087f00000, 0x0000000088000000, 0x0000000088000000|100%| E|CS|TAMS 0x0000000087f00000| PB 0x0000000087f00000| Complete |  0
|  66|0x0000000088000000, 0x0000000088100000, 0x0000000088100000|100%| E|CS|TAMS 0x0000000088000000| PB 0x0000000088000000| Complete |  0
|  67|0x0000000088100000, 0x0000000088200000, 0x0000000088200000|100%| E|CS|TAMS 0x0000000088100000| PB 0x0000000088100000| Complete |  0
|  68|0x0000000088200000, 0x0000000088300000, 0x0000000088300000|100%| E|CS|TAMS 0x0000000088200000| PB 0x0000000088200000| Complete |  0
|  69|0x0000000088300000, 0x0000000088400000, 0x0000000088400000|100%| E|CS|TAMS 0x0000000088300000| PB 0x0000000088300000| Complete |  0
|  70|0x0000000088400000, 0x0000000088500000, 0x0000000088500000|100%| E|CS|TAMS 0x0000000088400000| PB 0x0000000088400000| Complete |  0
|  71|0x0000000088500000, 0x0000000088600000, 0x0000000088600000|100%| S|CS|TAMS 0x0000000088500000| PB 0x0000000088500000| Complete |  0
|  72|0x0000000088600000, 0x0000000088700000, 0x0000000088700000|100%| S|CS|TAMS 0x0000000088600000| PB 0x0000000088600000| Complete |  0
|  73|0x0000000088700000, 0x0000000088800000, 0x0000000088800000|100%| S|CS|TAMS 0x0000000088700000| PB 0x0000000088700000| Complete |  0
|  74|0x0000000088800000, 0x0000000088900000, 0x0000000088900000|100%| S|CS|TAMS 0x0000000088800000| PB 0x0000000088800000| Complete |  0
|  75|0x0000000088900000, 0x00000000889db8c0, 0x0000000088a00000| 85%| S|CS|TAMS 0x0000000088900000| PB 0x0000000088900000| Complete |  0
| 114|0x000000008b000000, 0x000000008b100000, 0x000000008b100000|100%| E|CS|TAMS 0x000000008b000000| PB 0x000000008b000000| Complete |  0
| 115|0x000000008b100000, 0x000000008b200000, 0x000000008b200000|100%| E|CS|TAMS 0x000000008b100000| PB 0x000000008b100000| Complete |  0
| 125|0x000000008bb00000, 0x000000008bc00000, 0x000000008bc00000|100%| E|CS|TAMS 0x000000008bb00000| PB 0x000000008bb00000| Complete |  0

Card table byte_map: [0x000001fa67130000,0x000001fa67520000] _byte_map_base: 0x000001fa66d11000

Marking Bits: (CMBitMap*) 0x000001fa53bdc270
 Bits: [0x000001fa67520000, 0x000001fa69428000)

Polling page: 0x000001fa53330000

Metaspace:

Usage:
  Non-class:     27.53 MB used.
      Class:      3.91 MB used.
       Both:     31.45 MB used.

Virtual space:
  Non-class space:       64.00 MB reserved,      27.75 MB ( 43%) committed,  1 nodes.
      Class space:        1.00 GB reserved,       4.06 MB ( <1%) committed,  1 nodes.
             Both:        1.06 GB reserved,      31.81 MB (  3%) committed. 

Chunk freelists:
   Non-Class:  3.47 MB
       Class:  11.97 MB
        Both:  15.44 MB

MaxMetaspaceSize: unlimited
CompressedClassSpaceSize: 1.00 GB
Initial GC threshold: 21.00 MB
Current GC threshold: 35.12 MB
CDS: on
 - commit_granule_bytes: 65536.
 - commit_granule_words: 8192.
 - virtual_space_node_default_size: 8388608.
 - enlarge_chunks_in_place: 1.
 - use_allocation_guard: 0.


Internal statistics:

num_allocs_failed_limit: 3.
num_arena_births: 420.
num_arena_deaths: 0.
num_vsnodes_births: 2.
num_vsnodes_deaths: 0.
num_space_committed: 509.
num_space_uncommitted: 0.
num_chunks_returned_to_freelist: 3.
num_chunks_taken_from_freelist: 1314.
num_chunk_merges: 3.
num_chunk_splits: 906.
num_chunks_enlarged: 681.
num_inconsistent_stats: 0.

CodeHeap 'non-profiled nmethods': size=120064Kb used=1501Kb max_used=1501Kb free=118563Kb
 bounds [0x000001fa5f4d0000, 0x000001fa5f740000, 0x000001fa66a10000]
CodeHeap 'profiled nmethods': size=120000Kb used=6158Kb max_used=6158Kb free=113841Kb
 bounds [0x000001fa57a10000, 0x000001fa58020000, 0x000001fa5ef40000]
CodeHeap 'non-nmethods': size=5696Kb used=1783Kb max_used=1803Kb free=3912Kb
 bounds [0x000001fa5ef40000, 0x000001fa5f1b0000, 0x000001fa5f4d0000]
CodeCache: size=245760Kb, used=9442Kb, max_used=9462Kb, free=236316Kb
 total_blobs=4910, nmethods=4226, adapters=589, full_count=0
Compilation: enabled, stopped_count=0, restarted_count=0

Compilation events (20 events):
Event: 7.116 Thread 0x000001fa452508d0 4206       4       java.lang.CharacterDataLatin1::equalsIgnoreCase (63 bytes)
Event: 7.116 Thread 0x000001fa6b84d2b0 4207       3       org.openqa.selenium.internal.Require::argument (10 bytes)
Event: 7.116 Thread 0x000001fa452508d0 nmethod 4206 0x000001fa5f646808 code [0x000001fa5f646900, 0x000001fa5f6469a8]
Event: 7.117 Thread 0x000001fa6b84d2b0 nmethod 4207 0x000001fa58009908 code [0x000001fa58009a40, 0x000001fa58009d00]
Event: 7.117 Thread 0x000001fa6b84d2b0 4209       3       java.lang.Class::getDeclaredMethod (63 bytes)
Event: 7.117 Thread 0x000001fa6b84d2b0 nmethod 4209 0x000001fa58009d88 code [0x000001fa58009fe0, 0x000001fa5800ab80]
Event: 7.117 Thread 0x000001fa6b84d2b0 4210       3       java.util.ArrayDeque::getFirst (26 bytes)
Event: 7.117 Thread 0x000001fa6b84d2b0 nmethod 4210 0x000001fa5800ac88 code [0x000001fa5800adc0, 0x000001fa5800b058]
Event: 7.117 Thread 0x000001fa6b84d2b0 4208       3       org.openqa.selenium.internal.Require$ArgumentChecker::<init> (15 bytes)
Event: 7.117 Thread 0x000001fa6b84d2b0 nmethod 4208 0x000001fa5800b088 code [0x000001fa5800b1a0, 0x000001fa5800b3c0]
Event: 7.118 Thread 0x000001fa6b84d2b0 4211       3       io.netty.buffer.SizeClasses::size2SizeIdx (109 bytes)
Event: 7.118 Thread 0x000001fa6b84d2b0 nmethod 4211 0x000001fa5800b408 code [0x000001fa5800b560, 0x000001fa5800b9c8]
Event: 7.118 Thread 0x000001fa6b84d2b0 4213       3       io.netty.util.internal.PlatformDependent0::copyMemory (35 bytes)
Event: 7.118 Thread 0x000001fa6b84d2b0 nmethod 4213 0x000001fa5800ba08 code [0x000001fa5800bb40, 0x000001fa5800bdd8]
Event: 7.118 Thread 0x000001fa6b84d2b0 4214       1       io.netty.channel.AbstractChannel::access$000 (5 bytes)
Event: 7.118 Thread 0x000001fa6b84d2b0 nmethod 4214 0x000001fa5f646b08 code [0x000001fa5f646c20, 0x000001fa5f646cd0]
Event: 7.118 Thread 0x000001fa6b84d2b0 4215       1       io.netty.channel.AbstractChannel::access$100 (5 bytes)
Event: 7.118 Thread 0x000001fa6b84d2b0 nmethod 4215 0x000001fa5f646e08 code [0x000001fa5f646f20, 0x000001fa5f646fd0]
Event: 7.118 Thread 0x000001fa6b84d2b0 4212       3       io.netty.buffer.AbstractByteBuf::checkIndexBounds (53 bytes)
Event: 7.119 Thread 0x000001fa6b84d2b0 nmethod 4212 0x000001fa5800be08 code [0x000001fa5800c0a0, 0x000001fa5800d5a8]

GC Heap History (10 events):
Event: 0.617 GC heap before
{Heap before GC invocations=0 (full 0):
 garbage-first heap   total reserved 2033664K, committed 129024K, used 25600K [0x0000000083e00000, 0x0000000100000000)
  region size 1024K, 24 young (24576K), 0 survivors (0K)
 Metaspace       used 6628K, committed 6848K, reserved 1114112K
  class space    used 766K, committed 832K, reserved 1048576K
}
Event: 0.622 GC heap after
{Heap after GC invocations=1 (full 0):
 garbage-first heap   total reserved 2033664K, committed 129024K, used 9943K [0x0000000083e00000, 0x0000000100000000)
  region size 1024K, 3 young (3072K), 3 survivors (3072K)
 Metaspace       used 6628K, committed 6848K, reserved 1114112K
  class space    used 766K, committed 832K, reserved 1048576K
}
Event: 0.907 GC heap before
{Heap before GC invocations=1 (full 0):
 garbage-first heap   total reserved 2033664K, committed 129024K, used 30423K [0x0000000083e00000, 0x0000000100000000)
  region size 1024K, 24 young (24576K), 3 survivors (3072K)
 Metaspace       used 10305K, committed 10624K, reserved 1114112K
  class space    used 1199K, committed 1344K, reserved 1048576K
}
Event: 0.911 GC heap after
{Heap after GC invocations=2 (full 0):
 garbage-first heap   total reserved 2033664K, committed 129024K, used 13075K [0x0000000083e00000, 0x0000000100000000)
  region size 1024K, 3 young (3072K), 3 survivors (3072K)
 Metaspace       used 10305K, committed 10624K, reserved 1114112K
  class space    used 1199K, committed 1344K, reserved 1048576K
}
Event: 1.481 GC heap before
{Heap before GC invocations=2 (full 0):
 garbage-first heap   total reserved 2033664K, committed 129024K, used 65299K [0x0000000083e00000, 0x0000000100000000)
  region size 1024K, 54 young (55296K), 3 survivors (3072K)
 Metaspace       used 18144K, committed 18496K, reserved 1114112K
  class space    used 2147K, committed 2304K, reserved 1048576K
}
Event: 1.490 GC heap after
{Heap after GC invocations=3 (full 0):
 garbage-first heap   total reserved 2033664K, committed 129024K, used 20073K [0x0000000083e00000, 0x0000000100000000)
  region size 1024K, 7 young (7168K), 7 survivors (7168K)
 Metaspace       used 18144K, committed 18496K, reserved 1114112K
  class space    used 2147K, committed 2304K, reserved 1048576K
}
Event: 1.769 GC heap before
{Heap before GC invocations=3 (full 0):
 garbage-first heap   total reserved 2033664K, committed 129024K, used 29289K [0x0000000083e00000, 0x0000000100000000)
  region size 1024K, 17 young (17408K), 7 survivors (7168K)
 Metaspace       used 21185K, committed 21504K, reserved 1114112K
  class space    used 2546K, committed 2688K, reserved 1048576K
}
Event: 1.777 GC heap after
{Heap after GC invocations=4 (full 0):
 garbage-first heap   total reserved 2033664K, committed 129024K, used 22345K [0x0000000083e00000, 0x0000000100000000)
  region size 1024K, 2 young (2048K), 2 survivors (2048K)
 Metaspace       used 21185K, committed 21504K, reserved 1114112K
  class space    used 2546K, committed 2688K, reserved 1048576K
}
Event: 6.753 GC heap before
{Heap before GC invocations=5 (full 0):
 garbage-first heap   total reserved 2033664K, committed 75776K, used 75593K [0x0000000083e00000, 0x0000000100000000)
  region size 1024K, 44 young (45056K), 2 survivors (2048K)
 Metaspace       used 29777K, committed 30144K, reserved 1114112K
  class space    used 3678K, committed 3840K, reserved 1048576K
}
Event: 6.759 GC heap after
{Heap after GC invocations=6 (full 0):
 garbage-first heap   total reserved 2033664K, committed 80896K, used 35694K [0x0000000083e00000, 0x0000000100000000)
  region size 1024K, 5 young (5120K), 5 survivors (5120K)
 Metaspace       used 29777K, committed 30144K, reserved 1114112K
  class space    used 3678K, committed 3840K, reserved 1048576K
}

Dll operation events (11 events):
Event: 0.006 Loaded shared library C:\Users\aksha\.p2\pool\plugins\org.eclipse.justj.openjdk.hotspot.jre.full.win32.x86_64_23.0.1.v20241024-1700\jre\bin\java.dll
Event: 0.087 Loaded shared library C:\Users\aksha\.p2\pool\plugins\org.eclipse.justj.openjdk.hotspot.jre.full.win32.x86_64_23.0.1.v20241024-1700\jre\bin\net.dll
Event: 0.088 Loaded shared library C:\Users\aksha\.p2\pool\plugins\org.eclipse.justj.openjdk.hotspot.jre.full.win32.x86_64_23.0.1.v20241024-1700\jre\bin\nio.dll
Event: 0.092 Loaded shared library C:\Users\aksha\.p2\pool\plugins\org.eclipse.justj.openjdk.hotspot.jre.full.win32.x86_64_23.0.1.v20241024-1700\jre\bin\zip.dll
Event: 0.094 Loaded shared library C:\Users\aksha\.p2\pool\plugins\org.eclipse.justj.openjdk.hotspot.jre.full.win32.x86_64_23.0.1.v20241024-1700\jre\bin\zip.dll
Event: 0.240 Loaded shared library C:\Users\aksha\.p2\pool\plugins\org.eclipse.justj.openjdk.hotspot.jre.full.win32.x86_64_23.0.1.v20241024-1700\jre\bin\jimage.dll
Event: 0.333 Loaded shared library C:\Users\aksha\.p2\pool\plugins\org.eclipse.justj.openjdk.hotspot.jre.full.win32.x86_64_23.0.1.v20241024-1700\jre\bin\verify.dll
Event: 0.400 Loaded shared library C:\Users\aksha\.p2\pool\plugins\org.eclipse.justj.openjdk.hotspot.jre.full.win32.x86_64_23.0.1.v20241024-1700\jre\bin\extnet.dll
Event: 1.375 Loaded shared library C:\Users\aksha\.p2\pool\plugins\org.eclipse.justj.openjdk.hotspot.jre.full.win32.x86_64_23.0.1.v20241024-1700\jre\bin\management.dll
Event: 1.381 Loaded shared library C:\Users\aksha\.p2\pool\plugins\org.eclipse.justj.openjdk.hotspot.jre.full.win32.x86_64_23.0.1.v20241024-1700\jre\bin\management_ext.dll
Event: 1.429 Loaded shared library C:\Users\aksha\.p2\pool\plugins\org.eclipse.justj.openjdk.hotspot.jre.full.win32.x86_64_23.0.1.v20241024-1700\jre\bin\sunmscapi.dll

Deoptimization events (20 events):
Event: 6.712 Thread 0x000001fa51881ee0 Uncommon trap: trap_request=0xffffffc6 fr.pc=0x000001fa5f5a8a00 relative=0x0000000000001660
Event: 6.712 Thread 0x000001fa51881ee0 Uncommon trap: reason=bimorphic_or_optimized_type_check action=maybe_recompile pc=0x000001fa5f5a8a00 method=java.io.DataInputStream.readFully([BII)V @ 30 c2
Event: 6.712 Thread 0x000001fa51881ee0 DEOPT PACKING pc=0x000001fa5f5a8a00 sp=0x00000015683fa430
Event: 6.712 Thread 0x000001fa51881ee0 DEOPT UNPACKING pc=0x000001fa5ef97982 sp=0x00000015683fa428 mode 2
Event: 6.712 Thread 0x000001fa51881ee0 Uncommon trap: trap_request=0xffffffc6 fr.pc=0x000001fa5f5a8a00 relative=0x0000000000001660
Event: 6.712 Thread 0x000001fa51881ee0 Uncommon trap: reason=bimorphic_or_optimized_type_check action=maybe_recompile pc=0x000001fa5f5a8a00 method=java.io.DataInputStream.readFully([BII)V @ 30 c2
Event: 6.712 Thread 0x000001fa51881ee0 DEOPT PACKING pc=0x000001fa5f5a8a00 sp=0x00000015683fa430
Event: 6.712 Thread 0x000001fa51881ee0 DEOPT UNPACKING pc=0x000001fa5ef97982 sp=0x00000015683fa428 mode 2
Event: 6.712 Thread 0x000001fa51881ee0 Uncommon trap: trap_request=0xffffffc6 fr.pc=0x000001fa5f5a8a00 relative=0x0000000000001660
Event: 6.712 Thread 0x000001fa51881ee0 Uncommon trap: reason=bimorphic_or_optimized_type_check action=maybe_recompile pc=0x000001fa5f5a8a00 method=java.io.DataInputStream.readFully([BII)V @ 30 c2
Event: 6.712 Thread 0x000001fa51881ee0 DEOPT PACKING pc=0x000001fa5f5a8a00 sp=0x00000015683fa430
Event: 6.712 Thread 0x000001fa51881ee0 DEOPT UNPACKING pc=0x000001fa5ef97982 sp=0x00000015683fa428 mode 2
Event: 6.738 Thread 0x000001fa51881ee0 Uncommon trap: trap_request=0xffffff45 fr.pc=0x000001fa5f5fa050 relative=0x0000000000001cb0
Event: 6.738 Thread 0x000001fa51881ee0 Uncommon trap: reason=unstable_if action=reinterpret pc=0x000001fa5f5fa050 method=java.util.zip.InflaterInputStream.read([BII)I @ 74 c2
Event: 6.738 Thread 0x000001fa51881ee0 DEOPT PACKING pc=0x000001fa5f5fa050 sp=0x00000015683fcd90
Event: 6.738 Thread 0x000001fa51881ee0 DEOPT UNPACKING pc=0x000001fa5ef97982 sp=0x00000015683fcdd0 mode 2
Event: 6.839 Thread 0x000001fa51881ee0 Uncommon trap: trap_request=0xffffff45 fr.pc=0x000001fa5f5e25e0 relative=0x00000000000002c0
Event: 6.839 Thread 0x000001fa51881ee0 Uncommon trap: reason=unstable_if action=reinterpret pc=0x000001fa5f5e25e0 method=java.lang.String.getChars(II[CI)V @ 24 c2
Event: 6.839 Thread 0x000001fa51881ee0 DEOPT PACKING pc=0x000001fa5f5e25e0 sp=0x00000015683fd440
Event: 6.839 Thread 0x000001fa51881ee0 DEOPT UNPACKING pc=0x000001fa5ef97982 sp=0x00000015683fd400 mode 2

Classes loaded (20 events):
Event: 6.810 Loading class org/xml/sax/ext/DeclHandler
Event: 6.810 Loading class org/xml/sax/ext/DeclHandler done
Event: 6.821 Loading class java/lang/AbstractMethodError
Event: 6.821 Loading class java/lang/AbstractMethodError done
Event: 6.825 Loading class org/w3c/dom/Comment
Event: 6.825 Loading class org/w3c/dom/Comment done
Event: 6.826 Loading class org/w3c/dom/ProcessingInstruction
Event: 6.826 Loading class org/w3c/dom/ProcessingInstruction done
Event: 6.828 Loading class org/w3c/dom/DocumentFragment
Event: 6.828 Loading class org/w3c/dom/DocumentFragment done
Event: 6.978 Loading class java/util/ConcurrentModificationException
Event: 6.978 Loading class java/util/ConcurrentModificationException done
Event: 7.028 Loading class java/util/TreeMap$AscendingSubMap
Event: 7.028 Loading class java/util/TreeMap$NavigableSubMap
Event: 7.029 Loading class java/util/TreeMap$NavigableSubMap done
Event: 7.029 Loading class java/util/TreeMap$AscendingSubMap done
Event: 7.029 Loading class java/util/TreeMap$NavigableSubMap$SubMapKeyIterator
Event: 7.029 Loading class java/util/TreeMap$NavigableSubMap$SubMapIterator
Event: 7.029 Loading class java/util/TreeMap$NavigableSubMap$SubMapIterator done
Event: 7.029 Loading class java/util/TreeMap$NavigableSubMap$SubMapKeyIterator done

Classes unloaded (0 events):
No events

Classes redefined (0 events):
No events

Internal exceptions (20 events):
Event: 1.665 Thread 0x000001fa474fd250 Exception <a 'java/net/ConnectException'{0x000000008b5d3f00}: Connection refused: getsockopt> (0x000000008b5d3f00) 
thrown [s\src\hotspot\share\prims\jni.cpp, line 539]
Event: 1.727 Thread 0x000001fa51881ee0 Exception <a 'java/lang/NoSuchMethodError'{0x000000008b421f60}: 'double java.lang.invoke.DirectMethodHandle$Holder.invokeVirtual(java.lang.Object, java.lang.Object)'> (0x000000008b421f60) 
thrown [s\src\hotspot\share\interpreter\linkResolver.cpp, line 796]
Event: 1.728 Thread 0x000001fa51881ee0 Exception <a 'java/lang/NoSuchMethodError'{0x000000008b428290}: 'float java.lang.invoke.DirectMethodHandle$Holder.invokeVirtual(java.lang.Object, java.lang.Object)'> (0x000000008b428290) 
thrown [s\src\hotspot\share\interpreter\linkResolver.cpp, line 796]
Event: 1.728 Thread 0x000001fa51881ee0 Exception <a 'java/lang/NoSuchMethodError'{0x000000008b4306f8}: 'long java.lang.invoke.DirectMethodHandle$Holder.invokeVirtual(java.lang.Object, java.lang.Object)'> (0x000000008b4306f8) 
thrown [s\src\hotspot\share\interpreter\linkResolver.cpp, line 796]
Event: 1.752 Thread 0x000001fa51881ee0 Exception <a 'java/lang/NoSuchMethodError'{0x000000008b358878}: 'java.lang.Object java.lang.invoke.DirectMethodHandle$Holder.newInvokeSpecial(java.lang.Object, java.lang.Object, int, int)'> (0x000000008b358878) 
thrown [s\src\hotspot\share\interpreter\linkResolver.cpp, line 796]
Event: 1.754 Thread 0x000001fa51881ee0 Exception <a 'java/lang/NoSuchMethodError'{0x000000008b363178}: 'void java.lang.invoke.DirectMethodHandle$Holder.invokeStatic(java.lang.Object, java.lang.Object, int)'> (0x000000008b363178) 
thrown [s\src\hotspot\share\interpreter\linkResolver.cpp, line 796]
Event: 1.799 Thread 0x000001fa51881ee0 Exception <a 'java/lang/NoSuchMethodError'{0x00000000884603a0}: 'int java.lang.invoke.DirectMethodHandle$Holder.invokeSpecialIFC(java.lang.Object, java.lang.Object, java.lang.Object)'> (0x00000000884603a0) 
thrown [s\src\hotspot\share\interpreter\linkResolver.cpp, line 796]
Event: 1.827 Thread 0x000001fa51881ee0 Exception <a 'java/lang/NoSuchMethodError'{0x00000000883e4480}: 'java.lang.Object java.lang.invoke.DirectMethodHandle$Holder.invokeVirtual(java.lang.Object, java.lang.Object, java.lang.Object, java.lang.Object)'> (0x00000000883e4480) 
thrown [s\src\hotspot\share\interpreter\linkResolver.cpp, line 796]
Event: 1.847 Thread 0x000001fa51881ee0 Exception <a 'java/lang/NoSuchMethodError'{0x00000000882df2a8}: 'void java.lang.invoke.DirectMethodHandle$Holder.invokeSpecial(java.lang.Object, java.lang.Object, java.lang.Object, java.lang.Object, java.lang.Object, java.lang.Object)'> (0x00000000882df2a8) 
thrown [s\src\hotspot\share\interpreter\linkResolver.cpp, line 796]
Event: 1.858 Thread 0x000001fa51881ee0 Exception <a 'java/lang/NoSuchMethodError'{0x00000000881696b0}: 'long java.lang.invoke.DirectMethodHandle$Holder.invokeInterface(java.lang.Object, java.lang.Object)'> (0x00000000881696b0) 
thrown [s\src\hotspot\share\interpreter\linkResolver.cpp, line 796]
Event: 1.858 Thread 0x000001fa51881ee0 Exception <a 'java/lang/NoSuchMethodError'{0x000000008816d350}: 'long java.lang.invoke.DelegatingMethodHandle$Holder.reinvoke_L(java.lang.Object, java.lang.Object)'> (0x000000008816d350) 
thrown [s\src\hotspot\share\interpreter\linkResolver.cpp, line 796]
Event: 3.513 Thread 0x000001fa51881ee0 Exception <a 'java/lang/NoSuchMethodError'{0x0000000087b90bb8}: 'java.lang.Object java.lang.invoke.DirectMethodHandle$Holder.invokeSpecialIFC(java.lang.Object, java.lang.Object, java.lang.Object)'> (0x0000000087b90bb8) 
thrown [s\src\hotspot\share\interpreter\linkResolver.cpp, line 796]
Event: 3.537 Thread 0x000001fa51881ee0 Exception <a 'java/lang/NoSuchMethodError'{0x0000000087aac0f0}: 'void java.lang.invoke.DirectMethodHandle$Holder.invokeSpecial(java.lang.Object, java.lang.Object, java.lang.Object, java.lang.Object, java.lang.Object)'> (0x0000000087aac0f0) 
thrown [s\src\hotspot\share\interpreter\linkResolver.cpp, line 796]
Event: 3.604 Thread 0x000001fa51881ee0 Exception <a 'java/lang/ClassNotFoundException'{0x00000000877496a8}: sun/util/logging/resources/spi/loggingProvider> (0x00000000877496a8) 
thrown [s\src\hotspot\share\classfile\systemDictionary.cpp, line 313]
Event: 4.293 Thread 0x000001fa51881ee0 Exception <a 'java/lang/NoSuchMethodError'{0x000000008762f5a0}: 'void java.lang.invoke.DelegatingMethodHandle$Holder.reinvoke_L(java.lang.Object, java.lang.Object, long)'> (0x000000008762f5a0) 
thrown [s\src\hotspot\share\interpreter\linkResolver.cpp, line 796]
Event: 4.293 Thread 0x000001fa51881ee0 Exception <a 'java/lang/NoSuchMethodError'{0x0000000087635e00}: 'long java.lang.invoke.Invokers$Holder.invokeExact_MT(java.lang.Object, java.lang.Object, java.lang.Object)'> (0x0000000087635e00) 
thrown [s\src\hotspot\share\interpreter\linkResolver.cpp, line 796]
Event: 6.460 Thread 0x000001fa51881ee0 Exception <a 'java/lang/NoSuchMethodError'{0x00000000867a8d38}: 'void java.lang.invoke.DirectMethodHandle$Holder.invokeVirtual(java.lang.Object, java.lang.Object, java.lang.Object, int)'> (0x00000000867a8d38) 
thrown [s\src\hotspot\share\interpreter\linkResolver.cpp, line 796]
Event: 6.462 Thread 0x000001fa51881ee0 Exception <a 'java/lang/NoSuchMethodError'{0x00000000867b0c80}: 'void java.lang.invoke.DirectMethodHandle$Holder.invokeVirtual(java.lang.Object, java.lang.Object, java.lang.Object, java.lang.Object)'> (0x00000000867b0c80) 
thrown [s\src\hotspot\share\interpreter\linkResolver.cpp, line 796]
Event: 6.470 Thread 0x000001fa51881ee0 Exception <a 'java/lang/NoSuchMethodError'{0x00000000867de938}: 'void java.lang.invoke.DirectMethodHandle$Holder.invokeStatic(java.lang.Object, java.lang.Object, java.lang.Object, int)'> (0x00000000867de938) 
thrown [s\src\hotspot\share\interpreter\linkResolver.cpp, line 796]
Event: 6.470 Thread 0x000001fa51881ee0 Exception <a 'java/lang/NoSuchMethodError'{0x00000000867e1e20}: 'void java.lang.invoke.DirectMethodHandle$Holder.invokeStaticInit(java.lang.Object, java.lang.Object, java.lang.Object, int)'> (0x00000000867e1e20) 
thrown [s\src\hotspot\share\interpreter\linkResolver.cpp, line 796]

VM Operations (20 events):
Event: 1.481 Executing VM operation: G1CollectForAllocation (G1 Evacuation Pause)
Event: 1.490 Executing VM operation: G1CollectForAllocation (G1 Evacuation Pause) done
Event: 1.533 Executing VM operation: HandshakeAllThreads (Deoptimize)
Event: 1.533 Executing VM operation: HandshakeAllThreads (Deoptimize) done
Event: 1.705 Executing VM operation: HandshakeAllThreads (Deoptimize)
Event: 1.705 Executing VM operation: HandshakeAllThreads (Deoptimize) done
Event: 1.707 Executing VM operation: HandshakeAllThreads (Deoptimize)
Event: 1.707 Executing VM operation: HandshakeAllThreads (Deoptimize) done
Event: 1.769 Executing VM operation: CollectForMetadataAllocation (Metadata GC Threshold)
Event: 1.777 Executing VM operation: CollectForMetadataAllocation (Metadata GC Threshold) done
Event: 1.783 Executing VM operation: G1PauseRemark
Event: 1.786 Executing VM operation: G1PauseRemark done
Event: 1.789 Executing VM operation: G1PauseCleanup
Event: 1.789 Executing VM operation: G1PauseCleanup done
Event: 4.320 Executing VM operation: HandshakeAllThreads (Deoptimize)
Event: 4.320 Executing VM operation: HandshakeAllThreads (Deoptimize) done
Event: 6.411 Executing VM operation: HandshakeAllThreads (Deoptimize)
Event: 6.411 Executing VM operation: HandshakeAllThreads (Deoptimize) done
Event: 6.753 Executing VM operation: G1CollectForAllocation (G1 Evacuation Pause)
Event: 6.759 Executing VM operation: G1CollectForAllocation (G1 Evacuation Pause) done

Memory protections (0 events):
No events

Nmethod flushes (0 events):
No events

Events (20 events):
Event: 1.581 Thread 0x000001fa51881ee0 Thread added: 0x000001fa46361f40
Event: 1.605 Thread 0x000001fa46361f40 Thread added: 0x000001fa46360500
Event: 1.605 Thread 0x000001fa46361f40 Thread added: 0x000001fa4635fe70
Event: 1.635 Thread 0x000001fa51881ee0 Thread added: 0x000001fa46360b90
Event: 1.635 Thread 0x000001fa51881ee0 Thread added: 0x000001fa474ff320
Event: 1.636 Thread 0x000001fa46360b90 Thread added: 0x000001fa474fd250
Event: 1.701 Thread 0x000001fa45199ed0 Thread exited: 0x000001fa45199ed0
Event: 1.707 Thread 0x000001fa474fd250 Thread added: 0x000001fa475006d0
Event: 1.892 Thread 0x000001fa51881ee0 Thread added: 0x000001fa474ff9b0
Event: 3.548 Thread 0x000001fa51881ee0 Thread added: 0x000001fa474fcbc0
Event: 3.566 Thread 0x000001fa51881ee0 Thread added: 0x000001fa474f9740
Event: 4.915 Thread 0x000001fa51881ee0 Thread added: 0x000001fa474fd8e0
Event: 4.921 Thread 0x000001fa474fd8e0 Thread added: 0x000001fa474faaf0
Event: 4.921 Thread 0x000001fa474fd8e0 Thread added: 0x000001fa474fdf70
Event: 4.969 Thread 0x000001fa51881ee0 Thread added: 0x000001fa474fa460
Event: 4.969 Thread 0x000001fa51881ee0 Thread added: 0x000001fa474fe600
Event: 4.977 Thread 0x000001fa51881ee0 Thread added: 0x000001fa47500040
Event: 5.629 Thread 0x000001fa51881ee0 Thread added: 0x000001fa474fec90
Event: 5.642 Thread 0x000001fa51881ee0 Thread added: 0x000001fa47500d60
Event: 7.032 Thread 0x000001fa6b84d2b0 Thread added: 0x000001fa452508d0


Dynamic libraries:
0x00007ff64f1c0000 - 0x00007ff64f1ce000 	C:\Users\aksha\.p2\pool\plugins\org.eclipse.justj.openjdk.hotspot.jre.full.win32.x86_64_23.0.1.v20241024-1700\jre\bin\javaw.exe
0x00007ffb6f130000 - 0x00007ffb6f347000 	C:\WINDOWS\SYSTEM32\ntdll.dll
0x00007ffb6de10000 - 0x00007ffb6ded4000 	C:\WINDOWS\System32\KERNEL32.DLL
0x00007ffb6c3c0000 - 0x00007ffb6c791000 	C:\WINDOWS\System32\KERNELBASE.dll
0x00007ffb6ca80000 - 0x00007ffb6cb91000 	C:\WINDOWS\System32\ucrtbase.dll
0x00007ffb55330000 - 0x00007ffb55347000 	C:\Users\aksha\.p2\pool\plugins\org.eclipse.justj.openjdk.hotspot.jre.full.win32.x86_64_23.0.1.v20241024-1700\jre\bin\jli.dll
0x00007ffb54cb0000 - 0x00007ffb54cce000 	C:\Users\aksha\.p2\pool\plugins\org.eclipse.justj.openjdk.hotspot.jre.full.win32.x86_64_23.0.1.v20241024-1700\jre\bin\VCRUNTIME140.dll
0x00007ffb6e940000 - 0x00007ffb6eaf1000 	C:\WINDOWS\System32\USER32.dll
0x00007ffb6c270000 - 0x00007ffb6c296000 	C:\WINDOWS\System32\win32u.dll
0x00007ffb6d840000 - 0x00007ffb6d869000 	C:\WINDOWS\System32\GDI32.dll
0x00007ffb6c2a0000 - 0x00007ffb6c3bb000 	C:\WINDOWS\System32\gdi32full.dll
0x00007ffb4d4e0000 - 0x00007ffb4d772000 	C:\WINDOWS\WinSxS\amd64_microsoft.windows.common-controls_6595b64144ccf1df_6.0.22621.4830_none_270fe7d773858e80\COMCTL32.dll
0x00007ffb6cca0000 - 0x00007ffb6cd3a000 	C:\WINDOWS\System32\msvcp_win.dll
0x00007ffb6e210000 - 0x00007ffb6e2b7000 	C:\WINDOWS\System32\msvcrt.dll
0x00007ffb6e150000 - 0x00007ffb6e181000 	C:\WINDOWS\System32\IMM32.DLL
0x00007ffb66c60000 - 0x00007ffb66c6c000 	C:\Users\aksha\.p2\pool\plugins\org.eclipse.justj.openjdk.hotspot.jre.full.win32.x86_64_23.0.1.v20241024-1700\jre\bin\vcruntime140_1.dll
0x00007ffb376d0000 - 0x00007ffb3775d000 	C:\Users\aksha\.p2\pool\plugins\org.eclipse.justj.openjdk.hotspot.jre.full.win32.x86_64_23.0.1.v20241024-1700\jre\bin\msvcp140.dll
0x00007ffa82750000 - 0x00007ffa8351d000 	C:\Users\aksha\.p2\pool\plugins\org.eclipse.justj.openjdk.hotspot.jre.full.win32.x86_64_23.0.1.v20241024-1700\jre\bin\server\jvm.dll
0x00007ffb6df90000 - 0x00007ffb6e041000 	C:\WINDOWS\System32\ADVAPI32.dll
0x00007ffb6e0a0000 - 0x00007ffb6e147000 	C:\WINDOWS\System32\sechost.dll
0x00007ffb6c910000 - 0x00007ffb6c938000 	C:\WINDOWS\System32\bcrypt.dll
0x00007ffb6e2d0000 - 0x00007ffb6e3e4000 	C:\WINDOWS\System32\RPCRT4.dll
0x00007ffb6dee0000 - 0x00007ffb6df51000 	C:\WINDOWS\System32\WS2_32.dll
0x00007ffb6c140000 - 0x00007ffb6c18d000 	C:\WINDOWS\SYSTEM32\POWRPROF.dll
0x00007ffb66a50000 - 0x00007ffb66a84000 	C:\WINDOWS\SYSTEM32\WINMM.dll
0x00007ffb67140000 - 0x00007ffb6714a000 	C:\WINDOWS\SYSTEM32\VERSION.dll
0x00007ffb6c120000 - 0x00007ffb6c133000 	C:\WINDOWS\SYSTEM32\UMPDC.dll
0x00007ffb6b2c0000 - 0x00007ffb6b2d8000 	C:\WINDOWS\SYSTEM32\kernel.appcore.dll
0x00007ffb66c30000 - 0x00007ffb66c3a000 	C:\Users\aksha\.p2\pool\plugins\org.eclipse.justj.openjdk.hotspot.jre.full.win32.x86_64_23.0.1.v20241024-1700\jre\bin\jimage.dll
0x00007ffb69c10000 - 0x00007ffb69e42000 	C:\WINDOWS\SYSTEM32\DBGHELP.DLL
0x00007ffb6e3f0000 - 0x00007ffb6e780000 	C:\WINDOWS\System32\combase.dll
0x00007ffb6eb00000 - 0x00007ffb6ebd7000 	C:\WINDOWS\System32\OLEAUT32.dll
0x00007ffb613f0000 - 0x00007ffb61422000 	C:\WINDOWS\SYSTEM32\dbgcore.DLL
0x00007ffb6cc20000 - 0x00007ffb6cc9b000 	C:\WINDOWS\System32\bcryptPrimitives.dll
0x00007ffb64080000 - 0x00007ffb6409e000 	C:\Users\aksha\.p2\pool\plugins\org.eclipse.justj.openjdk.hotspot.jre.full.win32.x86_64_23.0.1.v20241024-1700\jre\bin\java.dll
0x00007ffb6ce00000 - 0x00007ffb6cfa1000 	C:\WINDOWS\System32\ole32.dll
0x00007ffb6cfb0000 - 0x00007ffb6d838000 	C:\WINDOWS\System32\SHELL32.dll
0x00007ffb6c940000 - 0x00007ffb6ca7f000 	C:\WINDOWS\System32\wintypes.dll
0x00007ffb6a1d0000 - 0x00007ffb6aadd000 	C:\WINDOWS\SYSTEM32\windows.storage.dll
0x00007ffb6d9f0000 - 0x00007ffb6dafa000 	C:\WINDOWS\System32\SHCORE.dll
0x00007ffb6d920000 - 0x00007ffb6d97e000 	C:\WINDOWS\System32\shlwapi.dll
0x00007ffb6c1a0000 - 0x00007ffb6c1cb000 	C:\WINDOWS\SYSTEM32\profapi.dll
0x00007ffb64030000 - 0x00007ffb64040000 	C:\Users\aksha\.p2\pool\plugins\org.eclipse.justj.openjdk.hotspot.jre.full.win32.x86_64_23.0.1.v20241024-1700\jre\bin\net.dll
0x00007ffb6b730000 - 0x00007ffb6b79a000 	C:\WINDOWS\system32\mswsock.dll
0x00007ffb59e80000 - 0x00007ffb59e96000 	C:\Users\aksha\.p2\pool\plugins\org.eclipse.justj.openjdk.hotspot.jre.full.win32.x86_64_23.0.1.v20241024-1700\jre\bin\nio.dll
0x00007ffb5dc50000 - 0x00007ffb5dc67000 	C:\Users\aksha\.p2\pool\plugins\org.eclipse.justj.openjdk.hotspot.jre.full.win32.x86_64_23.0.1.v20241024-1700\jre\bin\zip.dll
0x00007ffb69140000 - 0x00007ffb69150000 	C:\Users\aksha\.p2\pool\plugins\org.eclipse.justj.openjdk.hotspot.jre.full.win32.x86_64_23.0.1.v20241024-1700\jre\bin\verify.dll
0x00007ffb6ad70000 - 0x00007ffb6ae72000 	C:\WINDOWS\SYSTEM32\DNSAPI.dll
0x00007ffb6ad40000 - 0x00007ffb6ad6d000 	C:\WINDOWS\SYSTEM32\IPHLPAPI.DLL
0x00007ffb6df80000 - 0x00007ffb6df89000 	C:\WINDOWS\System32\NSI.dll
0x00007ffb67fd0000 - 0x00007ffb67fda000 	C:\Windows\System32\rasadhlp.dll
0x00007ffb663e0000 - 0x00007ffb66463000 	C:\WINDOWS\System32\fwpuclnt.dll
0x00007ffb66c70000 - 0x00007ffb66c79000 	C:\Users\aksha\.p2\pool\plugins\org.eclipse.justj.openjdk.hotspot.jre.full.win32.x86_64_23.0.1.v20241024-1700\jre\bin\extnet.dll
0x00007ffb6b980000 - 0x00007ffb6b99b000 	C:\WINDOWS\SYSTEM32\CRYPTSP.dll
0x00007ffb6b220000 - 0x00007ffb6b257000 	C:\WINDOWS\system32\rsaenh.dll
0x00007ffb6b820000 - 0x00007ffb6b848000 	C:\WINDOWS\SYSTEM32\USERENV.dll
0x00007ffb6b9a0000 - 0x00007ffb6b9ac000 	C:\WINDOWS\SYSTEM32\CRYPTBASE.dll
0x00007ffb5b1c0000 - 0x00007ffb5b1ca000 	C:\Users\aksha\.p2\pool\plugins\org.eclipse.justj.openjdk.hotspot.jre.full.win32.x86_64_23.0.1.v20241024-1700\jre\bin\management.dll
0x00007ffb59e70000 - 0x00007ffb59e7b000 	C:\Users\aksha\.p2\pool\plugins\org.eclipse.justj.openjdk.hotspot.jre.full.win32.x86_64_23.0.1.v20241024-1700\jre\bin\management_ext.dll
0x00007ffb6d9e0000 - 0x00007ffb6d9e8000 	C:\WINDOWS\System32\PSAPI.DLL
0x00007ffb69130000 - 0x00007ffb6913e000 	C:\Users\aksha\.p2\pool\plugins\org.eclipse.justj.openjdk.hotspot.jre.full.win32.x86_64_23.0.1.v20241024-1700\jre\bin\sunmscapi.dll
0x00007ffb6c7a0000 - 0x00007ffb6c906000 	C:\WINDOWS\System32\CRYPT32.dll
0x00007ffb6bb40000 - 0x00007ffb6bb6d000 	C:\WINDOWS\SYSTEM32\ncrypt.dll
0x00007ffb6bb00000 - 0x00007ffb6bb37000 	C:\WINDOWS\SYSTEM32\NTASN1.dll
0x00007ffb3cdc0000 - 0x00007ffb3cdc8000 	C:\WINDOWS\system32\wshunix.dll

dbghelp: loaded successfully - version: 4.0.5 - missing functions: none
symbol engine: initialized successfully - sym options: 0x614 - pdb path: .;C:\Users\aksha\.p2\pool\plugins\org.eclipse.justj.openjdk.hotspot.jre.full.win32.x86_64_23.0.1.v20241024-1700\jre\bin;C:\WINDOWS\SYSTEM32;C:\WINDOWS\WinSxS\amd64_microsoft.windows.common-controls_6595b64144ccf1df_6.0.22621.4830_none_270fe7d773858e80;C:\Users\aksha\.p2\pool\plugins\org.eclipse.justj.openjdk.hotspot.jre.full.win32.x86_64_23.0.1.v20241024-1700\jre\bin\server

VM Arguments:
jvm_args: -ea -Dfile.encoding=UTF-8 -Dstdout.encoding=UTF-8 -Dstderr.encoding=UTF-8 -XX:+ShowCodeDetailsInExceptionMessages 
java_command: org.testng.remote.RemoteTestNG -serport 50199 -protocol json -d C:\Users\aksha\git\sevenrmartsupermarket\com.sevenrmartsupermarket\test-output C:\Users\aksha\git\sevenrmartsupermarket\com.sevenrmartsupermarket\src\main\resources\xmlFile\groups.xml
java_class_path (initial): C:\Users\aksha\eclipse\java-2024-09\eclipse\configuration\org.eclipse.osgi\526\0\.cp\lib\testng-remote.jar;C:\Users\aksha\git\sevenrmartsupermarket\com.sevenrmartsupermarket\target\test-classes;C:\Users\aksha\git\sevenrmartsupermarket\com.sevenrmartsupermarket\target\classes;C:\Users\aksha\.m2\repository\org\seleniumhq\selenium\selenium-java\4.12.1\selenium-java-4.12.1.jar;C:\Users\aksha\.m2\repository\org\seleniumhq\selenium\selenium-api\4.12.1\selenium-api-4.12.1.jar;C:\Users\aksha\.m2\repository\org\seleniumhq\selenium\selenium-chrome-driver\4.12.1\selenium-chrome-driver-4.12.1.jar;C:\Users\aksha\.m2\repository\com\google\auto\service\auto-service-annotations\1.1.1\auto-service-annotations-1.1.1.jar;C:\Users\aksha\.m2\repository\com\google\guava\guava\32.1.2-jre\guava-32.1.2-jre.jar;C:\Users\aksha\.m2\repository\com\google\guava\failureaccess\1.0.1\failureaccess-1.0.1.jar;C:\Users\aksha\.m2\repository\com\google\guava\listenablefuture\9999.0-empty-to-avoid-conflict-with-guava\listenablefuture-9999.0-empty-to-avoid-conflict-with-guava.jar;C:\Users\aksha\.m2\repository\com\google\code\findbugs\jsr305\3.0.2\jsr305-3.0.2.jar;C:\Users\aksha\.m2\repository\org\checkerframework\checker-qual\3.33.0\checker-qual-3.33.0.jar;C:\Users\aksha\.m2\repository\com\google\j2objc\j2objc-annotations\2.8\j2objc-annotations-2.8.jar;C:\Users\aksha\.m2\repository\org\seleniumhq\selenium\selenium-chromium-driver\4.12.1\selenium-chromium-driver-4.12.1.jar;C:\Users\aksha\.m2\repository\org\seleniumhq\selenium\selenium-json\4.12.1\selenium-json-4.12.1.jar;C:\Users\aksha\.m2\repository\org\seleniumhq\selenium\selenium-manager\4.12.1\selenium-manager-4.12.1.jar;C:\Users\aksha\.m2\repository\org\seleniumhq\selenium\selenium-devtools-v114\4.12.1\selenium-devtools-v114-4.12.1.jar;C:\Users\aksha\.m2\repository\org\seleniumhq\selenium\selenium-devtools-v115\4.12.1\selenium-devtools-v115-4.12.1.jar;C:\Users\aksha\.m2\repository\org\seleniumhq\selenium\selenium-devtools-v116\4.12.1\selenium-devtools-v116-4.12.1.jar;C:\Users\aksha\.m2\repository\org\seleniumhq\selenium\selenium-devtools-v85\4.12.1\selenium-devtools-v85-4.12.1.jar;C:\Users\aksha\.m2\repository\org\seleniumhq\selenium\selenium-edge-driver\4.12.1\selenium-edge-driver-4.12.1.jar;C:\Users\aksha\.m2\repository\org\seleniumhq\selenium\selenium-firefox-driver\4.12.1\selenium-firefox-driver-4.12.1.jar;C:\Users\aksha\.m2\repository\org\seleniumhq\selenium\selenium-http\4.12.1\selenium-http-4.12.1.jar;C:\Users\aksha\.m2\repository\dev\failsafe\failsafe\3.3.2\failsafe-3.3.2.jar;C:\Users\aksha\.m2\repository\org\seleniumhq\selenium\selenium-ie-driver\4.12.1\selenium-ie-driver-4.12.1.jar;C:\Users\aksha\.m2\repository\org\seleniumhq\selenium\selenium-remote-driver\4.12.1\selenium-remote-driver-4.12.1.jar;C:\Users\aksha\.m2\repository\io\netty\netty-buffer\4.1.96.Final\netty-buffer-4.1.96.Final.jar;C:\Users\aksha\.m2\repository\io\netty\netty-codec-http\4.1.96.Final\netty-codec-http-4.1.96.Final.jar;C:\Users\aksha\.m2\repository\io\netty\netty-codec\4.1.96.Final\netty-codec-4.1.96.Final.jar;C:\Users\aksha\.m2\repository\io\netty\netty-handler\4.1.96.Final\netty-handler-4.1.96.Final.jar;C:\Users\aksha\.m2\repository\io\netty\netty-common\4.1.96.Final\netty-common-4.1.96.Final.jar;C:\Users\aksha\.m2\repository\io\netty\netty-transport-classes-epoll\4.1.96.Final\netty-transport-classes-epoll-4.1.96.Final.jar;C:\Users\aksha\.m2\repository\io\netty\netty-transport-classes-kqueue\4.1.96.Final\netty-transport-classes-kqueue-4.1.96.Final.jar;C:\Users\aksha\.m2\repository\io\netty\netty-transport-native-epoll\4.1.96.Final\netty-transport-native-epoll-4.1.96.Final.jar;C:\Users\aksha\.m2\repository\io\netty\netty-transport-native-kqueue\4.1.96.Final\netty-transport-native-kqueue-4.1.96.Final.jar;C:\Users\aksha\.m2\repository\io\netty\netty-transport-native-unix-common\4.1.96.Final\netty-transport-native-unix-common-4.1.96.Final.jar;C:\Users\aksha\.m2\repository\io\netty\netty-transport\4.1.96.Final\netty-transport-4.1.96.Final.jar;C:\Users\aksha\.m2\repository\io\netty\netty-resolver\4.1.96.Final\netty-resolver-4.1.96.Final.jar;C:\Users\aksha\.m2\repository\io\opentelemetry\opentelemetry-api\1.28.0\opentelemetry-api-1.28.0.jar;C:\Users\aksha\.m2\repository\io\opentelemetry\opentelemetry-context\1.28.0\opentelemetry-context-1.28.0.jar;C:\Users\aksha\.m2\repository\io\opentelemetry\opentelemetry-exporter-logging\1.28.0\opentelemetry-exporter-logging-1.28.0.jar;C:\Users\aksha\.m2\repository\io\opentelemetry\opentelemetry-sdk-metrics\1.28.0\opentelemetry-sdk-metrics-1.28.0.jar;C:\Users\aksha\.m2\repository\io\opentelemetry\opentelemetry-extension-incubator\1.28.0-alpha\opentelemetry-extension-incubator-1.28.0-alpha.jar;C:\Users\aksha\.m2\repository\io\opentelemetry\opentelemetry-sdk-logs\1.28.0\opentelemetry-sdk-logs-1.28.0.jar;C:\Users\aksha\.m2\repository\io\opentelemetry\opentelemetry-sdk-common\1.28.0\opentelemetry-sdk-common-1.28.0.jar;C:\Users\aksha\.m2\repository\io\opentelemetry\opentelemetry-sdk-extension-autoconfigure-spi\1.28.0\opentelemetry-sdk-extension-autoconfigure-spi-1.28.0.jar;C:\Users\aksha\.m2\repository\io\opentelemetry\opentelemetry-sdk-extension-autoconfigure\1.28.0\opentelemetry-sdk-extension-autoconfigure-1.28.0.jar;C:\Users\aksha\.m2\repository\io\opentelemetry\opentelemetry-api-events\1.28.0-alpha\opentelemetry-api-events-1.28.0-alpha.jar;C:\Users\aksha\.m2\repository\io\opentelemetry\opentelemetry-sdk-trace\1.28.0\opentelemetry-sdk-trace-1.28.0.jar;C:\Users\aksha\.m2\repository\io\opentelemetry\opentelemetry-sdk\1.28.0\opentelemetry-sdk-1.28.0.jar;C:\Users\aksha\.m2\repository\io\opentelemetry\opentelemetry-semconv\1.28.0-alpha\opentelemetry-semconv-1.28.0-alpha.jar;C:\Users\aksha\.m2\repository\net\bytebuddy\byte-buddy\1.14.5\byte-buddy-1.14.5.jar;C:\Users\aksha\.m2\repository\org\asynchttpclient\async-http-client\2.12.3\async-http-client-2.12.3.jar;C:\Users\aksha\.m2\repository\org\asynchttpclient\async-http-client-netty-utils\2.12.3\async-http-client-netty-utils-2.12.3.jar;C:\Users\aksha\.m2\repository\io\netty\netty-codec-socks\4.1.60.Final\netty-codec-socks-4.1.60.Final.jar;C:\Users\aksha\.m2\repository\io\netty\netty-handler-proxy\4.1.60.Final\netty-handler-proxy-4.1.60.Final.jar;C:\Users\aksha\.m2\repository\io\netty\netty-transport-native-epoll\4.1.60.Final\netty-transport-native-epoll-4.1.60.Final-linux-x86_64.jar;C:\Users\aksha\.m2\repository\io\netty\netty-transport-native-kqueue\4.1.60.Final\netty-transport-native-kqueue-4.1.60.Final-osx-x86_64.jar;C:\Users\aksha\.m2\repository\org\reactivestreams\reactive-streams\1.0.3\reactive-streams-1.0.3.jar;C:\Users\aksha\.m2\repository\com\typesafe\netty\netty-reactive-streams\2.0.4\netty-reactive-streams-2.0.4.jar;C:\Users\aksha\.m2\repository\com\sun\activation\jakarta.activation\1.2.2\jakarta.activation-1.2.2.jar;C:\Users\aksha\.m2\repository\org\seleniumhq\selenium\selenium-os\4.12.1\selenium-os-4.12.1.jar;C:\Users\aksha\.m2\repository\org\apache\commons\commons-exec\1.3\commons-exec-1.3.jar;C:\Users\aksha\.m2\repository\org\seleniumhq\selenium\selenium-safari-driver\4.12.1\selenium-safari-driver-4.12.1.jar;C:\Users\aksha\.m2\repository\org\seleniumhq\selenium\selenium-support\4.12.1\selenium-support-4.12.1.jar;C:\Users\aksha\.m2\repository\org\testng\testng\7.10.2\testng-7.10.2.jar;C:\Users\aksha\.m2\repository\org\slf4j\slf4j-api\1.7.36\slf4j-api-1.7.36.jar;C:\Users\aksha\.m2\repository\com\beust\jcommander\1.82\jcommander-1.82.jar;C:\Users\aksha\.m2\repository\org\webjars\jquery\3.7.1\jquery-3.7.1.jar;C:\Users\aksha\.m2\repository\io\github\bonigarcia\webdrivermanager\5.9.2\webdrivermanager-5.9.2.jar;C:\Users\aksha\.m2\repository\com\google\code\gson\gson\2.11.0\gson-2.11.0.jar;C:\Users\aksha\.m2\repository\com\google\errorprone\error_prone_annotations\2.27.0\error_prone_annotations-2.27.0.jar;C:\Users\aksha\.m2\repository\com\github\docker-java\docker-java\3.4.0\docker-java-3.4.0.jar;C:\Users\aksha\.m2\repository\com\github\docker-java\docker-java-core\3.4.0\docker-java-core-3.4.0.jar;C:\Users\aksha\.m2\repository\com\github\docker-java\docker-java-api\3.4.0\docker-java-api-3.4.0.jar;C:\Users\aksha\.m2\repository\com\fasterxml\jackson\core\jackson-annotations\2.10.3\jackson-annotations-2.10.3.jar;C:\Users\aksha\.m2\repository\com\fasterxml\jackson\core\jackson-databind\2.10.3\jackson-databind-2.10.3.jar;C:\Users\aksha\.m2\repository\com\fasterxml\jackson\core\jackson-core\2.10.3\jackson-core-2.10.3.jar;C:\Users\aksha\.m2\repository\com\github\docker-java\docker-java-transport-httpclient5\3.4.0\docker-java-transport-httpclient5-3.4.0.jar;C:\Users\aksha\.m2\repository\com\github\docker-java\docker-java-transport\3.4.0\docker-java-transport-3.4.0.jar;C:\Users\aksha\.m2\repository\net\java\dev\jna\jna\5.13.0\jna-5.13.0.jar;C:\Users\aksha\.m2\repository\org\brotli\dec\0.1.2\dec-0.1.2.jar;C:\Users\aksha\.m2\repository\org\apache\commons\commons-lang3\3.15.0\commons-lang3-3.15.0.jar;C:\Users\aksha\.m2\repository\org\apache\commons\commons-compress\1.26.2\commons-compress-1.26.2.jar;C:\Users\aksha\.m2\repository\commons-io\commons-io\2.16.1\commons-io-2.16.1.jar;C:\Users\aksha\.m2\repository\org\apache\httpcomponents\client5\httpclient5\5.2.1\httpclient5-5.2.1.jar;C:\Users\aksha\.m2\repository\org\apache\httpcomponents\core5\httpcore5\5.2\httpcore5-5.2.jar;C:\Users\aksha\.m2\repository\org\apache\httpcomponents\core5\httpcore5-h2\5.2\httpcore5-h2-5.2.jar;C:\Users\aksha\.m2\repository\org\apache\poi\poi-ooxml\5.0.0\poi-ooxml-5.0.0.jar;C:\Users\aksha\.m2\repository\org\apache\poi\poi-ooxml-lite\5.0.0\poi-ooxml-lite-5.0.0.jar;C:\Users\aksha\.m2\repository\org\apache\xmlbeans\xmlbeans\4.0.0\xmlbeans-4.0.0.jar;C:\Users\aksha\.m2\repository\com\github\virtuald\curvesapi\1.06\curvesapi-1.06.jar;C:\Users\aksha\.m2\repository\org\bouncycastle\bcpkix-jdk15on\1.68\bcpkix-jdk15on-1.68.jar;C:\Users\aksha\.m2\repository\org\bouncycastle\bcprov-jdk15on\1.68\bcprov-jdk15on-1.68.jar;C:\Users\aksha\.m2\repository\org\apache\santuario\xmlsec\2.2.1\xmlsec-2.2.1.jar;C:\Users\aksha\.m2\repository\com\fasterxml\woodstox\woodstox-core\5.2.1\woodstox-core-5.2.1.jar;C:\Users\aksha\.m2\repository\org\codehaus\woodstox\stax2-api\4.2\stax2-api-4.2.jar;C:\Users\aksha\.m2\repository\jakarta\xml\bind\jakarta.xml.bind-api\2.3.2\jakarta.xml.bind-api-2.3.2.jar;C:\Users\aksha\.m2\repository\jakarta\activation\jakarta.activation-api\1.2.1\jakarta.activation-api-1.2.1.jar;C:\Users\aksha\.m2\repository\org\apache\xmlgraphics\batik-all\1.13\batik-all-1.13.jar;C:\Users\aksha\.m2\repository\org\apache\xmlgraphics\batik-anim\1.13\batik-anim-1.13.jar;C:\Users\aksha\.m2\repository\org\apache\xmlgraphics\batik-shared-resources\1.13\batik-shared-resources-1.13.jar;C:\Users\aksha\.m2\repository\xml-apis\xml-apis-ext\1.3.04\xml-apis-ext-1.3.04.jar;C:\Users\aksha\.m2\repository\org\apache\xmlgraphics\batik-awt-util\1.13\batik-awt-util-1.13.jar;C:\Users\aksha\.m2\repository\org\apache\xmlgraphics\xmlgraphics-commons\2.4\xmlgraphics-commons-2.4.jar;C:\Users\aksha\.m2\repository\org\apache\xmlgraphics\batik-bridge\1.13\batik-bridge-1.13.jar;C:\Users\aksha\.m2\repository\org\apache\xmlgraphics\batik-codec\1.13\batik-codec-1.13.jar;C:\Users\aksha\.m2\repository\org\apache\xmlgraphics\batik-constants\1.13\batik-constants-1.13.jar;C:\Users\aksha\.m2\repository\org\apache\xmlgraphics\batik-css\1.13\batik-css-1.13.jar;C:\Users\aksha\.m2\repository\org\apache\xmlgraphics\batik-dom\1.13\batik-dom-1.13.jar;C:\Users\aksha\.m2\repository\xalan\xalan\2.7.2\xalan-2.7.2.jar;C:\Users\aksha\.m2\repository\xalan\serializer\2.7.2\serializer-2.7.2.jar;C:\Users\aksha\.m2\repository\xml-apis\xml-apis\1.4.01\xml-apis-1.4.01.jar;C:\Users\aksha\.m2\repository\org\apache\xmlgraphics\batik-ext\1.13\batik-ext-1.13.jar;C:\Users\aksha\.m2\repository\org\apache\xmlgraphics\batik-extension\1.13\batik-extension-1.13.jar;C:\Users\aksha\.m2\repository\org\apache\xmlgraphics\batik-gui-util\1.13\batik-gui-util-1.13.jar;C:\Users\aksha\.m2\repository\org\apache\xmlgraphics\batik-gvt\1.13\batik-gvt-1.13.jar;C:\Users\aksha\.m2\repository\org\apache\xmlgraphics\batik-i18n\1.13\batik-i18n-1.13.jar;C:\Users\aksha\.m2\repository\org\apache\xmlgraphics\batik-parser\1.13\batik-parser-1.13.jar;C:\Users\aksha\.m2\repository\org\apache\xmlgraphics\batik-rasterizer-ext\1.13\batik-rasterizer-ext-1.13.jar;C:\Users\aksha\.m2\repository\org\apache\xmlgraphics\batik-rasterizer\1.13\batik-rasterizer-1.13.jar;C:\Users\aksha\.m2\repository\org\apache\xmlgraphics\batik-script\1.13\batik-script-1.13.jar;C:\Users\aksha\.m2\repository\org\apache\xmlgraphics\batik-slideshow\1.13\batik-slideshow-1.13.jar;C:\Users\aksha\.m2\repository\org\apache\xmlgraphics\batik-squiggle-ext\1.13\batik-squiggle-ext-1.13.jar;C:\Users\aksha\.m2\repository\org\apache\xmlgraphics\batik-squiggle\1.13\batik-squiggle-1.13.jar;C:\Users\aksha\.m2\repository\org\apache\xmlgraphics\batik-svg-dom\1.13\batik-svg-dom-1.13.jar;C:\Users\aksha\.m2\repository\org\apache\xmlgraphics\batik-svgbrowser\1.13\batik-svgbrowser-1.13.jar;C:\Users\aksha\.m2\repository\org\apache\xmlgraphics\batik-svggen\1.13\batik-svggen-1.13.jar;C:\Users\aksha\.m2\repository\org\apache\xmlgraphics\batik-svgpp\1.13\batik-svgpp-1.13.jar;C:\Users\aksha\.m2\repository\org\apache\xmlgraphics\batik-svgrasterizer\1.13\batik-svgrasterizer-1.13.jar;C:\Users\aksha\.m2\repository\org\apache\xmlgraphics\batik-swing\1.13\batik-swing-1.13.jar;C:\Users\aksha\.m2\repository\org\apache\xmlgraphics\batik-transcoder\1.13\batik-transcoder-1.13.jar;C:\Users\aksha\.m2\repository\org\apache\xmlgraphics\batik-util\1.13\batik-util-1.13.jar;C:\Users\aksha\.m2\repository\org\apache\xmlgraphics\batik-ttf2svg\1.13\batik-ttf2svg-1.13.jar;C:\Users\aksha\.m2\repository\org\apache\xmlgraphics\batik-xml\1.13\batik-xml-1.13.jar;C:\Users\aksha\.m2\repository\de\rototor\pdfbox\graphics2d\0.30\graphics2d-0.30.jar;C:\Users\aksha\.m2\repository\org\apache\pdfbox\pdfbox\2.0.22\pdfbox-2.0.22.jar;C:\Users\aksha\.m2\repository\org\apache\pdfbox\fontbox\2.0.22\fontbox-2.0.22.jar;C:\Users\aksha\.m2\repository\org\apache\poi\poi\5.0.0\poi-5.0.0.jar;C:\Users\aksha\.m2\repository\org\slf4j\jcl-over-slf4j\1.7.30\jcl-over-slf4j-1.7.30.jar;C:\Users\aksha\.m2\repository\commons-codec\commons-codec\1.15\commons-codec-1.15.jar;C:\Users\aksha\.m2\repository\org\apache\commons\commons-collections4\4.4\commons-collections4-4.4.jar;C:\Users\aksha\.m2\repository\org\apache\commons\commons-math3\3.6.1\commons-math3-3.6.1.jar;C:\Users\aksha\.m2\repository\com\zaxxer\SparseBitSet\1.2\SparseBitSet-1.2.jar;C:\Users\aksha\.m2\repository\com\relevantcodes\extentreports\2.41.2\extentreports-2.41.2.jar;C:\Users\aksha\.m2\repository\org\jsoup\jsoup\1.8.3\jsoup-1.8.3.jar;C:\Users\aksha\.m2\repository\org\xerial\sqlite-jdbc\3.8.11.1\sqlite-jdbc-3.8.11.1.jar;C:\Users\aksha\.m2\repository\org\freemarker\freemarker\2.3.23\freemarker-2.3.23.jar;C:\Users\aksha\.m2\repository\org\mongodb\mongodb-driver\3.0.4\mongodb-driver-3.0.4.jar;C:\Users\aksha\.m2\repository\org\mongodb\bson\3.0.4\bson-3.0.4.jar;C:\Users\aksha\.m2\repository\org\mongodb\mongodb-driver-core\3.0.4\mongodb-driver-core-3.0.4.jar;C:\Users\aksha\.m2\repository\com\github\javafaker\javafaker\1.0.2\javafaker-1.0.2.jar;C:\Users\aksha\.m2\repository\org\yaml\snakeyaml\1.23\snakeyaml-1.23-android.jar;C:\Users\aksha\.m2\repository\com\github\mifmif\generex\1.0.2\generex-1.0.2.jar;C:\Users\aksha\.m2\repository\dk\brics\automaton\automaton\1.11-8\automaton-1.11-8.jar
Launcher Type: SUN_STANDARD

[Global flags]
     intx CICompilerCount                          = 4                                         {product} {ergonomic}
     uint ConcGCThreads                            = 2                                         {product} {ergonomic}
     uint G1ConcRefinementThreads                  = 8                                         {product} {ergonomic}
   size_t G1HeapRegionSize                         = 1048576                                   {product} {ergonomic}
   size_t InitialHeapSize                          = 132120576                                 {product} {ergonomic}
   size_t MarkStackSize                            = 4194304                                   {product} {ergonomic}
   size_t MarkStackSizeMax                         = 536870912                                 {product} {ergonomic}
   size_t MaxHeapSize                              = 2082471936                                {product} {ergonomic}
   size_t MaxNewSize                               = 1248854016                                {product} {ergonomic}
   size_t MinHeapDeltaBytes                        = 1048576                                   {product} {ergonomic}
   size_t MinHeapSize                              = 8388608                                   {product} {ergonomic}
    uintx NonNMethodCodeHeapSize                   = 5832704                                {pd product} {ergonomic}
    uintx NonProfiledCodeHeapSize                  = 122945536                              {pd product} {ergonomic}
    uintx ProfiledCodeHeapSize                     = 122880000                              {pd product} {ergonomic}
    uintx ReservedCodeCacheSize                    = 251658240                              {pd product} {ergonomic}
     bool SegmentedCodeCache                       = true                                      {product} {ergonomic}
     bool ShowCodeDetailsInExceptionMessages       = true                                   {manageable} {command line}
   size_t SoftMaxHeapSize                          = 2082471936                             {manageable} {ergonomic}
     bool UseCompressedOops                        = true                           {product lp64_product} {ergonomic}
     bool UseG1GC                                  = true                                      {product} {ergonomic}
     bool UseLargePagesIndividualAllocation        = false                                  {pd product} {ergonomic}

Logging:
Log output configuration:
 #0: stdout all=warning uptime,level,tags foldmultilines=false
 #1: stderr all=off uptime,level,tags foldmultilines=false

Environment Variables:
PATH=C:/Users/aksha/.p2/pool/plugins/org.eclipse.justj.openjdk.hotspot.jre.full.win32.x86_64_23.0.1.v20241024-1700/jre/bin/server;C:/Users/aksha/.p2/pool/plugins/org.eclipse.justj.openjdk.hotspot.jre.full.win32.x86_64_23.0.1.v20241024-1700/jre/bin;C:\Program Files\Common Files\Oracle\Java\javapath;C:\WINDOWS\system32;C:\WINDOWS;C:\WINDOWS\System32\Wbem;C:\WINDOWS\System32\WindowsPowerShell\v1.0\;C:\WINDOWS\System32\OpenSSH\;C:\xampp\php;C:\ProgramData\ComposerSetup\bin;C:\Program Files\Java\jdk-17.0.5\bin;C:\Program Files\maven\apache-maven-3.9.9\bin;C:\Program Files\Maven\apache-maven-3.9.9\bin;C:\Program Files\Git\cmd;C:\Users\aksha\AppData\Local\Microsoft\WindowsApps;C:\Users\aksha\AppData\Roaming\Composer\vendor\bin;C:\Users\aksha\AppData\Local\Programs\Microsoft VS Code\bin;C:\Users\aksha\Desktop;
USERNAME=aksha
OS=Windows_NT
PROCESSOR_IDENTIFIER=Intel64 Family 6 Model 140 Stepping 2, GenuineIntel
TMP=C:\Users\aksha\AppData\Local\Temp
TEMP=C:\Users\aksha\AppData\Local\Temp




Periodic native trim disabled

---------------  S Y S T E M  ---------------

OS:
 Windows 11 , 64 bit Build 22621 (10.0.22621.4974)
OS uptime: 2 days 5:36 hours

CPU: total 8 (initial active 8) (4 cores per cpu, 2 threads per core) family 6 model 140 stepping 2 microcode 0x2c, cx8, cmov, fxsr, ht, mmx, 3dnowpref, sse, sse2, sse3, ssse3, sse4.1, sse4.2, popcnt, lzcnt, tsc, tscinvbit, avx, avx2, aes, erms, clmul, bmi1, bmi2, adx, avx512f, avx512dq, avx512cd, avx512bw, avx512vl, sha, fma, vzeroupper, avx512_vpopcntdq, avx512_vpclmulqdq, avx512_vaes, avx512_vnni, clflush, clflushopt, clwb, avx512_vbmi2, avx512_vbmi, rdtscp, rdpid, fsrm, gfni, avx512_bitalg, f16c, pku, cet_ibt, cet_ss, avx512_ifma
Processor Information for the first 8 processors :
  Max Mhz: 2496, Current Mhz: 2496, Mhz Limit: 2496

Memory: 4k page, system-wide physical 7941M (490M free)
TotalPageFile size 27345M (AvailPageFile size 7M)
current process WorkingSet (physical memory assigned to process): 223M, peak: 223M
current process commit charge ("private bytes"): 261M, peak: 263M

vm_info: OpenJDK 64-Bit Server VM (23.0.1+11) for windows-amd64 JRE (23.0.1+11), built on 2024-10-15T00:00:00Z with MS VC++ 17.7 (VS2022)

END.
